00:41:45 **** Build of configuration Debug for project test ****
make all 
Building file: ../test.c
Invoking: AVR Compiler
avr-gcc -Wall -g2 -gstabs -O0 -fpack-struct -fshort-enums -ffunction-sections -fdata-sections -std=gnu99 -funsigned-char -funsigned-bitfields -mmcu=atmega16 -DF_CPU=1000000UL -MMD -MP -MF"test.d" -MT"test.o" -c -o "test.o" "../test.c"
In file included from ../test.c:7:
d:/ashraf/asu/mohamed tarek/avr install/lib/gcc/../../avr/include/util/delay.h:90:3: warning: #warning "Compiler optimizations disabled; functions from <util/delay.h> won't work as designed"
Finished building: ../test.c
 
Building target: test.elf
Invoking: AVR C Linker
avr-gcc -Wl,-Map,test.map -mmcu=atmega16 -o "test.elf"  ./test.o   
Finished building target: test.elf
 
Invoking: AVR Create Extended Listing
avr-objdump -h -S test.elf  >"test.lss"
Finished building: test.lss
 
Invoking: Print Size
avr-size --format=avr --mcu=atmega16 test.elf
AVR Memory Usage
----------------
Device: atmega16

Program:    5504 bytes (33.6% Full)
(.text + .data + .bootloader)

Data:         11 bytes (1.1% Full)
(.data + .bss + .noinit)


Finished building: sizedummy
 
